<?xml version="1.0" encoding="UTF-8"?>
<testsuite xmlns:xsi="http://www.w3.org/2001/XMLSchema-instance" xsi:noNamespaceSchemaLocation="https://maven.apache.org/surefire/maven-surefire-plugin/xsd/surefire-test-report.xsd" name="QO-31760)" time="67.637" tests="15" errors="1" skipped="5" failures="0">
  <properties>
[...]
</properties>
  <testcase name="Given Launch the agent app(Scenario: Verify Changed templates should be reflected for EMAIL template " classname="QO-31760)" time="0"/>
  <testcase name="When User clicks on &quot;Skip&quot; option(Scenario: Verify Changed templates should be reflected for EMAIL template " classname="QO-31760)" time="0"/>
  <testcase name="And User clicks on &quot;Sign in&quot; option(Scenario: Verify Changed templates should be reflected for EMAIL template " classname="QO-31760)" time="0"/>
  <testcase name="And User selects the &quot;Auto Integagent&quot; agent and logins(Scenario: Verify Changed templates should be reflected for EMAIL template " classname="QO-31760)" time="0"/>
  <testcase name="And Verify &quot;Home page&quot; is displayed(Scenario: Verify Changed templates should be reflected for EMAIL template " classname="QO-31760)" time="0"/>
  <testcase name="And User clicks on &quot;Hamburger Menu&quot; button(Scenario: Verify Changed templates should be reflected for EMAIL template " classname="QO-31760)" time="0.001"/>
  <testcase name="And User clicks on &quot;Email_SMS template&quot; option(Scenario: Verify Changed templates should be reflected for EMAIL template " classname="QO-31760)" time="0"/>
  <testcase name="And User enters &quot;Pre_made Email Template Name&quot;(Scenario: Verify Changed templates should be reflected for EMAIL template " classname="QO-31760)" time="0"/>
  <testcase name="And User clicks on &quot;Edit template&quot; button(Scenario: Verify Changed templates should be reflected for EMAIL template " classname="QO-31760)" time="0.001"/>
  <testcase name="And User clicks on &quot;Edit template&quot; button(Scenario: Verify Changed templates should be reflected for EMAIL template " classname="QO-31760)" time="0">
    <skipped/>
  </testcase>
  <testcase name="And User enters &quot;New Email Template Name&quot;(Scenario: Verify Changed templates should be reflected for EMAIL template " classname="QO-31760)" time="0.001">
    <error message="An element could not be located on the page using the given search parameters.&#10;For documentation on this error, please visit: http://seleniumhq.org/exceptions/no_such_element.html&#10;Build info: version: &apos;3.12.0&apos;, revision: &apos;7c6e0b3&apos;, time: &apos;2018-05-08T14:04:26.12Z&apos;&#10;System info: host: &apos;Mac-G8LWG3QK&apos;, ip: &apos;fe80:0:0:0:d5:a644:bb78:cdbf%en0&apos;, os.name: &apos;Mac OS X&apos;, os.arch: &apos;x86_64&apos;, os.version: &apos;10.14.3&apos;, java.version: &apos;1.8.0_141&apos;&#10;Driver info: io.appium.java_client.android.AndroidDriver&#10;Capabilities {androidDeviceSocket: com.owners.agentinteg_devto..., appActivity: .MainActivity, appPackage: com.owners.agentinteg, autoWebview: false, automationName: UiAutomator2, chromeBundleId: com.android.chrome, databaseEnabled: false, desired: {androidDeviceSocket: com.owners.agentinteg_devto..., appActivity: .MainActivity, appPackage: com.owners.agentinteg, autoWebview: false, automationName: UiAutomator2, chromeBundleId: com.android.chrome, deviceName: Owners A8+, instrumentApp: true, platformName: android, platformVersion: 8.0, setWebContentsDebuggingEnabled: true, udid: 5200d930ec16c45d}, deviceApiLevel: 26, deviceManufacturer: samsung, deviceModel: SM-A730F, deviceName: 5200d930ec16c45d, deviceScreenDensity: 420, deviceScreenSize: 1080x2220, deviceUDID: 5200d930ec16c45d, instrumentApp: true, javascriptEnabled: true, locationContextEnabled: false, networkConnectionEnabled: true, pixelRatio: 2.625, platform: LINUX, platformName: Android, platformVersion: 8.0.0, setWebContentsDebuggingEnabled: true, statBarHeight: 63, takesScreenshot: true, udid: 5200d930ec16c45d, viewportRect: {height: 2031, left: 0, top: 63, width: 1080}, warnings: {}, webStorageEnabled: false}&#10;Session ID: 8166483b-bfd5-445d-8ac7-8f3a8289b355&#10;*** Element info: {Using=xpath, value=//*/android.view.View[3]/android.view.View[1]/android.widget.EditText}" type="org.openqa.selenium.NoSuchElementException">org.openqa.selenium.NoSuchElementException: 
An element could not be located on the page using the given search parameters.
For documentation on this error, please visit: http://seleniumhq.org/exceptions/no_such_element.html
Build info: version: '3.12.0', revision: '7c6e0b3', time: '2018-05-08T14:04:26.12Z'
System info: host: 'Mac-G8LWG3QK', ip: 'fe80:0:0:0:d5:a644:bb78:cdbf%en0', os.name: 'Mac OS X', os.arch: 'x86_64', os.version: '10.14.3', java.version: '1.8.0_141'
Driver info: io.appium.java_client.android.AndroidDriver
Capabilities {androidDeviceSocket: com.owners.agentinteg_devto..., appActivity: .MainActivity, appPackage: com.owners.agentinteg, autoWebview: false, automationName: UiAutomator2, chromeBundleId: com.android.chrome, databaseEnabled: false, desired: {androidDeviceSocket: com.owners.agentinteg_devto..., appActivity: .MainActivity, appPackage: com.owners.agentinteg, autoWebview: false, automationName: UiAutomator2, chromeBundleId: com.android.chrome, deviceName: Owners A8+, instrumentApp: true, platformName: android, platformVersion: 8.0, setWebContentsDebuggingEnabled: true, udid: 5200d930ec16c45d}, deviceApiLevel: 26, deviceManufacturer: samsung, deviceModel: SM-A730F, deviceName: 5200d930ec16c45d, deviceScreenDensity: 420, deviceScreenSize: 1080x2220, deviceUDID: 5200d930ec16c45d, instrumentApp: true, javascriptEnabled: true, locationContextEnabled: false, networkConnectionEnabled: true, pixelRatio: 2.625, platform: LINUX, platformName: Android, platformVersion: 8.0.0, setWebContentsDebuggingEnabled: true, statBarHeight: 63, takesScreenshot: true, udid: 5200d930ec16c45d, viewportRect: {height: 2031, left: 0, top: 63, width: 1080}, warnings: {}, webStorageEnabled: false}
Session ID: 8166483b-bfd5-445d-8ac7-8f3a8289b355
*** Element info: {Using=xpath, value=//*/android.view.View[3]/android.view.View[1]/android.widget.EditText}
</error>
  </testcase>
  <testcase name="And User saves the template(Scenario: Verify Changed templates should be reflected for EMAIL template " classname="QO-31760)" time="0">
    <skipped/>
  </testcase>
  <testcase name="And Verify &quot;New EMail Template Name&quot; is displayed(Scenario: Verify Changed templates should be reflected for EMAIL template " classname="QO-31760)" time="0">
    <skipped/>
  </testcase>
  <testcase name="And User deletes the template(Scenario: Verify Changed templates should be reflected for EMAIL template " classname="QO-31760)" time="0">
    <skipped/>
  </testcase>
  <testcase name="And User closes the app(Scenario: Verify Changed templates should be reflected for EMAIL template " classname="QO-31760)" time="0">
    <skipped/>
  </testcase>
</testsuite>